Flow report for Serial_Port
Sun Dec 18 17:41:29 2016
Quartus II Version 11.0 Build 208 07/03/2011 Service Pack 1 SJ Web Edition


---------------------
; Table of Contents ;
---------------------
  1. Legal Notice
  2. Flow Summary
  3. Flow Settings
  4. Flow Non-Default Global Settings
  5. Flow Elapsed Time
  6. Flow OS Summary
  7. Flow Log



----------------
; Legal Notice ;
----------------
Copyright (C) 1991-2011 Altera Corporation
Your use of Altera Corporation's design tools, logic functions 
and other software and tools, and its AMPP partner logic 
functions, and any output files from any of the foregoing 
(including device programming or simulation files), and any 
associated documentation or information are expressly subject 
to the terms and conditions of the Altera Program License 
Subscription Agreement, Altera MegaCore Function License 
Agreement, or other applicable license agreement, including, 
without limitation, that your use is for the sole purpose of 
programming logic devices manufactured by Altera and sold by 
Altera or its authorized distributors.  Please refer to the 
applicable agreement for further details.



+-----------------------------------------------------------------------+
; Flow Summary                                                          ;
+-----------------------+-----------------------------------------------+
; Flow Status           ; Successful - Sun Dec 18 17:41:29 2016         ;
; Quartus II Version    ; 11.0 Build 208 07/03/2011 SP 1 SJ Web Edition ;
; Revision Name         ; Serial_Port                                   ;
; Top-level Entity Name ; Top_Module                                    ;
; Family                ; Cyclone                                       ;
; Device                ; EP1C3T144C8                                   ;
; Timing Models         ; Final                                         ;
; Total logic elements  ; 531 / 2,910 ( 18 % )                          ;
; Total pins            ; 6 / 104 ( 6 % )                               ;
; Total virtual pins    ; 0                                             ;
; Total memory bits     ; 0 / 59,904 ( 0 % )                            ;
; Total PLLs            ; 0 / 1 ( 0 % )                                 ;
+-----------------------+-----------------------------------------------+


+-----------------------------------------+
; Flow Settings                           ;
+-------------------+---------------------+
; Option            ; Setting             ;
+-------------------+---------------------+
; Start date & time ; 12/18/2016 17:41:20 ;
; Main task         ; Compilation         ;
; Revision Name     ; Serial_Port         ;
+-------------------+---------------------+


+------------------------------------------------------------------------------------------------------------------------------+
; Flow Non-Default Global Settings                                                                                             ;
+--------------------------------------+------------------------------------+---------------+-------------+--------------------+
; Assignment Name                      ; Value                              ; Default Value ; Entity Name ; Section Id         ;
+--------------------------------------+------------------------------------+---------------+-------------+--------------------+
; COMPILER_SIGNATURE_ID                ; 273406397819871.148205407917324    ; --            ; --          ; --                 ;
; EDA_DESIGN_INSTANCE_NAME             ; i1                                 ; --            ; --          ; Top_Module_vhd_tst ;
; EDA_NATIVELINK_SIMULATION_TEST_BENCH ; Top_Module_vhd_tst                 ; --            ; --          ; eda_simulation     ;
; EDA_OUTPUT_DATA_FORMAT               ; Vhdl                               ; --            ; --          ; eda_simulation     ;
; EDA_SIMULATION_TOOL                  ; ModelSim-Altera (VHDL)             ; <None>        ; --          ; --                 ;
; EDA_TEST_BENCH_ENABLE_STATUS         ; TEST_BENCH_MODE                    ; --            ; --          ; eda_simulation     ;
; EDA_TEST_BENCH_FILE                  ; simulation/modelsim/Top_Module.vht ; --            ; --          ; Top_Module_vhd_tst ;
; EDA_TEST_BENCH_MODULE_NAME           ; Top_Module_vhd_tst                 ; --            ; --          ; Top_Module_vhd_tst ;
; EDA_TEST_BENCH_NAME                  ; Top_Module_vhd_tst                 ; --            ; --          ; eda_simulation     ;
; EDA_TEST_BENCH_RUN_SIM_FOR           ; 10 ms                              ; --            ; --          ; Top_Module_vhd_tst ;
; PARTITION_COLOR                      ; 16764057                           ; --            ; Top_Module  ; Top                ;
; PARTITION_FITTER_PRESERVATION_LEVEL  ; PLACEMENT_AND_ROUTING              ; --            ; Top_Module  ; Top                ;
; PARTITION_NETLIST_TYPE               ; SOURCE                             ; --            ; Top_Module  ; Top                ;
; TOP_LEVEL_ENTITY                     ; Top_Module                         ; Serial_Port   ; --          ; --                 ;
+--------------------------------------+------------------------------------+---------------+-------------+--------------------+


+-------------------------------------------------------------------------------------------------------------------------------+
; Flow Elapsed Time                                                                                                             ;
+---------------------------+--------------+-------------------------+---------------------+------------------------------------+
; Module Name               ; Elapsed Time ; Average Processors Used ; Peak Virtual Memory ; Total CPU Time (on all processors) ;
+---------------------------+--------------+-------------------------+---------------------+------------------------------------+
; Analysis & Synthesis      ; 00:00:03     ; 1.0                     ; 319 MB              ; 00:00:02                           ;
; Fitter                    ; 00:00:02     ; 1.0                     ; 351 MB              ; 00:00:02                           ;
; Assembler                 ; 00:00:01     ; 1.0                     ; 274 MB              ; 00:00:01                           ;
; TimeQuest Timing Analyzer ; 00:00:01     ; 1.0                     ; 265 MB              ; 00:00:01                           ;
; EDA Netlist Writer        ; 00:00:00     ; 1.0                     ; 253 MB              ; 00:00:01                           ;
; Total                     ; 00:00:07     ; --                      ; --                  ; 00:00:07                           ;
+---------------------------+--------------+-------------------------+---------------------+------------------------------------+


+----------------------------------------------------------------------------------------+
; Flow OS Summary                                                                        ;
+---------------------------+------------------+-----------+------------+----------------+
; Module Name               ; Machine Hostname ; OS Name   ; OS Version ; Processor type ;
+---------------------------+------------------+-----------+------------+----------------+
; Analysis & Synthesis      ; Jason-PC         ; Windows 7 ; 6.2        ; x86_64         ;
; Fitter                    ; Jason-PC         ; Windows 7 ; 6.2        ; x86_64         ;
; Assembler                 ; Jason-PC         ; Windows 7 ; 6.2        ; x86_64         ;
; TimeQuest Timing Analyzer ; Jason-PC         ; Windows 7 ; 6.2        ; x86_64         ;
; EDA Netlist Writer        ; Jason-PC         ; Windows 7 ; 6.2        ; x86_64         ;
+---------------------------+------------------+-----------+------------+----------------+


------------
; Flow Log ;
------------
quartus_map --read_settings_files=on --write_settings_files=off Serial_Port -c Serial_Port
quartus_fit --read_settings_files=off --write_settings_files=off Serial_Port -c Serial_Port
quartus_asm --read_settings_files=off --write_settings_files=off Serial_Port -c Serial_Port
quartus_sta Serial_Port -c Serial_Port
quartus_eda --read_settings_files=off --write_settings_files=off Serial_Port -c Serial_Port



